#
# A fatal error has been detected by the Java Runtime Environment:
#
#  Internal Error (javaCalls.cpp:35), pid=2648, tid=7412
#  guarantee(thread->is_Java_thread()) failed: crucial check - the VM thread cannot and must not escape to Java code
#
# JRE version: 6.0_23-b05
# Java VM: Java HotSpot(TM) 64-Bit Server VM (19.0-b09 mixed mode windows-amd64 compressed oops)
# If you would like to submit a bug report, please visit:
#   http://java.sun.com/webapps/bugreport/crash.jsp
#

---------------  T H R E A D  ---------------

Current thread (0x00000000006d4800):  VMThread [stack: 0x0000000006700000,0x0000000006800000] [id=7412]

Stack: [0x0000000006700000,0x0000000006800000]
[error occurred during error reporting (printing stack bounds), id 0xc0000005]

VM_Operation (0x000000000731f950): GetOrSetLocal, mode: safepoint, requested by thread 0x0000000006967000


---------------  P R O C E S S  ---------------

Java Threads: ( => current thread )
  0x0000000008219000 JavaThread "TimerQueue" daemon [_thread_blocked, id=560, stack(0x0000000009fa0000,0x000000000a0a0000)]
  0x00000000082ac800 JavaThread "Abandoned connection cleanup thread" daemon [_thread_blocked, id=6744, stack(0x0000000008bd0000,0x0000000008cd0000)]
  0x000000000071d000 JavaThread "DestroyJavaVM" [_thread_blocked, id=7264, stack(0x00000000025e0000,0x00000000026e0000)]
  0x00000000069eb800 JavaThread "AWT-EventQueue-0" [_thread_blocked, id=5432, stack(0x0000000007ed0000,0x0000000007fd0000)]
  0x00000000069d1000 JavaThread "AWT-Windows" daemon [_thread_in_native, id=7176, stack(0x0000000007dd0000,0x0000000007ed0000)]
  0x00000000069d0000 JavaThread "AWT-Shutdown" [_thread_blocked, id=3652, stack(0x0000000007cd0000,0x0000000007dd0000)]
  0x00000000069cf000 JavaThread "Java2D Disposer" daemon [_thread_blocked, id=3640, stack(0x0000000007bd0000,0x0000000007cd0000)]
  0x00000000069a8800 JavaThread "Low Memory Detector" daemon [_thread_blocked, id=6488, stack(0x0000000007890000,0x0000000007990000)]
  0x000000000697f000 JavaThread "CompilerThread1" daemon [_thread_blocked, id=3632, stack(0x0000000007790000,0x0000000007890000)]
  0x0000000006995000 JavaThread "CompilerThread0" daemon [_thread_blocked, id=4840, stack(0x0000000007690000,0x0000000007790000)]
  0x000000000696a000 JavaThread "JDWP Command Reader" daemon [_thread_in_native, id=5772, stack(0x0000000007590000,0x0000000007690000)]
  0x0000000006969800 JavaThread "JDWP Event Helper Thread" daemon [_thread_blocked, id=7772, stack(0x0000000007490000,0x0000000007590000)]
  0x0000000006967000 JavaThread "JDWP Transport Listener: dt_socket" daemon [_thread_blocked, id=8184, stack(0x0000000007220000,0x0000000007320000)]
  0x0000000006959000 JavaThread "Attach Listener" daemon [_thread_blocked, id=1316, stack(0x0000000006d00000,0x0000000006e00000)]
  0x0000000006954000 JavaThread "Signal Dispatcher" daemon [_thread_blocked, id=5444, stack(0x0000000006c00000,0x0000000006d00000)]
  0x00000000006df000 JavaThread "Finalizer" daemon [_thread_blocked, id=2204, stack(0x0000000006b00000,0x0000000006c00000)]
  0x00000000006d8800 JavaThread "Reference Handler" daemon [_thread_blocked, id=3664, stack(0x0000000006800000,0x0000000006900000)]

Other Threads:
=>0x00000000006d4800 VMThread [stack: 0x0000000006700000,0x0000000006800000] [id=7412]
  0x0000000006980000 WatcherThread [stack: 0x0000000007990000,0x0000000007a90000] [id=1364]

VM state:at safepoint (normal execution)

VM Mutex/Monitor currently owned by a thread:  ([mutex/lock_event])
[0x000000000071af00] Threads_lock - owner thread: 0x00000000006d4800

Heap
 PSYoungGen      total 37888K, used 22082K [0x00000007d5c00000, 0x00000007da600000, 0x0000000800000000)
  eden space 32512K, 61% used [0x00000007d5c00000,0x00000007d6f8c7b0,0x00000007d7bc0000)
  from space 5376K, 38% used [0x00000007d7bc0000,0x00000007d7dc4270,0x00000007d8100000)
  to   space 5376K, 0% used [0x00000007da0c0000,0x00000007da0c0000,0x00000007da600000)
 PSOldGen        total 86528K, used 0K [0x0000000781400000, 0x0000000786880000, 0x00000007d5c00000)
  object space 86528K, 0% used [0x0000000781400000,0x0000000781400000,0x0000000786880000)
 PSPermGen       total 21248K, used 19131K [0x000000077c200000, 0x000000077d6c0000, 0x0000000781400000)
  object space 21248K, 90% used [0x000000077c200000,0x000000077d4aefc0,0x000000077d6c0000)

Dynamic libraries:
0x0000000000400000 - 0x000000000042e000 	C:\Program Files\Java\jdk1.6.0_23\bin\javaw.exe
0x0000000077730000 - 0x00000000778da000 	C:\windows\SYSTEM32\ntdll.dll
0x0000000077610000 - 0x000000007772f000 	C:\windows\system32\kernel32.dll
0x000007fefd520000 - 0x000007fefd58a000 	C:\windows\system32\KERNELBASE.dll
0x00000000751c0000 - 0x0000000075249000 	C:\windows\System32\SYSFER.DLL
0x000007fefe400000 - 0x000007fefe4db000 	C:\windows\system32\ADVAPI32.dll
0x000007fefd870000 - 0x000007fefd90f000 	C:\windows\system32\msvcrt.dll
0x000007fefe270000 - 0x000007fefe28f000 	C:\windows\SYSTEM32\sechost.dll
0x000007fefe140000 - 0x000007fefe26d000 	C:\windows\system32\RPCRT4.dll
0x0000000077510000 - 0x000000007760a000 	C:\windows\system32\USER32.dll
0x000007fefe0d0000 - 0x000007fefe137000 	C:\windows\system32\GDI32.dll
0x000007fefe4e0000 - 0x000007fefe4ee000 	C:\windows\system32\LPK.dll
0x000007fefdd70000 - 0x000007fefde3a000 	C:\windows\system32\USP10.dll
0x000007fefe330000 - 0x000007fefe35e000 	C:\windows\system32\IMM32.DLL
0x000007fefe780000 - 0x000007fefe889000 	C:\windows\system32\MSCTF.dll
0x000000006d890000 - 0x000000006df80000 	C:\Program Files\Java\jdk1.6.0_23\jre\bin\server\jvm.dll
0x000007fefb1f0000 - 0x000007fefb22b000 	C:\windows\system32\WINMM.dll
0x000000006d800000 - 0x000000006d80e000 	C:\Program Files\Java\jdk1.6.0_23\jre\bin\verify.dll
0x000000006d450000 - 0x000000006d477000 	C:\Program Files\Java\jdk1.6.0_23\jre\bin\java.dll
0x000000006d3b0000 - 0x000000006d3ba000 	C:\Program Files\Java\jdk1.6.0_23\jre\bin\hpi.dll
0x0000000077900000 - 0x0000000077907000 	C:\windows\system32\PSAPI.DLL
0x000000006d4c0000 - 0x000000006d4f4000 	C:\Program Files\Java\jdk1.6.0_23\jre\bin\jdwp.dll
0x000000006d6d0000 - 0x000000006d6d8000 	C:\Program Files\Java\jdk1.6.0_23\jre\bin\npt.dll
0x000000006d850000 - 0x000000006d862000 	C:\Program Files\Java\jdk1.6.0_23\jre\bin\zip.dll
0x000000006d310000 - 0x000000006d319000 	C:\Program Files\Java\jdk1.6.0_23\jre\bin\dt_socket.dll
0x000007fefe890000 - 0x000007fefe8dd000 	C:\windows\system32\WS2_32.dll
0x000007fefdd60000 - 0x000007fefdd68000 	C:\windows\system32\NSI.dll
0x000007fefafa0000 - 0x000007fefafb5000 	C:\windows\system32\NLAapi.dll
0x000007fef93e0000 - 0x000007fef93f5000 	C:\windows\system32\napinsp.dll
0x000007fef93c0000 - 0x000007fef93d9000 	C:\windows\system32\pnrpnsp.dll
0x000007fefcbe0000 - 0x000007fefcc35000 	C:\windows\System32\mswsock.dll
0x000007fefcb20000 - 0x000007fefcb7b000 	C:\windows\system32\DNSAPI.dll
0x000007fef93b0000 - 0x000007fef93bb000 	C:\windows\System32\winrnr.dll
0x000007fef93a0000 - 0x000007fef93b0000 	C:\windows\system32\wshbth.dll
0x000007fefaae0000 - 0x000007fefab07000 	C:\windows\system32\IPHLPAPI.DLL
0x000007fefaad0000 - 0x000007fefaadb000 	C:\windows\system32\WINNSI.DLL
0x000007fefa470000 - 0x000007fefa4c3000 	C:\windows\System32\fwpuclnt.dll
0x000007fef9430000 - 0x000007fef9438000 	C:\windows\system32\rasadhlp.dll
0x000007fefc660000 - 0x000007fefc667000 	C:\windows\System32\wshtcpip.dll
0x000000006d0a0000 - 0x000000006d263000 	C:\Program Files\Java\jdk1.6.0_23\jre\bin\awt.dll
0x000007fefa6a0000 - 0x000007fefa711000 	C:\windows\system32\WINSPOOL.DRV
0x000007fefe570000 - 0x000007fefe773000 	C:\windows\system32\ole32.dll
0x000007fefe8e0000 - 0x000007feff66a000 	C:\windows\system32\SHELL32.dll
0x000007fefe4f0000 - 0x000007fefe561000 	C:\windows\system32\SHLWAPI.dll
0x000007fefc070000 - 0x000007fefc264000 	C:\windows\WinSxS\amd64_microsoft.windows.common-controls_6595b64144ccf1df_6.0.7601.18837_none_fa3b1e3d17594757\COMCTL32.dll
0x000007fefb6d0000 - 0x000007fefb6e8000 	C:\windows\system32\DWMAPI.DLL
0x000007fefbe70000 - 0x000007fefbec6000 	C:\windows\system32\uxtheme.dll
0x000007fefd310000 - 0x000007fefd31f000 	C:\windows\system32\CRYPTBASE.dll
0x000000006d340000 - 0x000000006d3a6000 	C:\Program Files\Java\jdk1.6.0_23\jre\bin\fontmanager.dll
0x000000006d6a0000 - 0x000000006d6b7000 	C:\Program Files\Java\jdk1.6.0_23\jre\bin\net.dll
0x000007fefcd90000 - 0x000007fefcd97000 	C:\windows\System32\wship6.dll
0x000007fefcda0000 - 0x000007fefcdb8000 	C:\windows\system32\CRYPTSP.dll
0x000007fefca30000 - 0x000007fefca77000 	C:\windows\system32\rsaenh.dll
0x000007fefd840000 - 0x000007fefd85e000 	C:\windows\system32\USERENV.dll
0x000007fefd4c0000 - 0x000007fefd4cf000 	C:\windows\system32\profapi.dll
0x000000006d6c0000 - 0x000000006d6cb000 	C:\Program Files\Java\jdk1.6.0_23\jre\bin\nio.dll
0x000007fefd910000 - 0x000007fefd9e8000 	C:\windows\system32\OLEAUT32.DLL

VM Arguments:
jvm_args: -agentlib:jdwp=transport=dt_socket,suspend=y,address=localhost:51387 -Dfile.encoding=Cp1252 
java_command: LoginFrame
Launcher Type: SUN_STANDARD

Environment Variables:
CLASSPATH=C:\Program Files\IBM\SQLLIB\java\db2java.zip;C:\Program Files\IBM\SQLLIB\java\db2jcc.jar;C:\Program Files\IBM\SQLLIB\java\db2jcc_license_cisuz.jar;C:\Program Files\IBM\SQLLIB\java\db2jcc_license_cu.jar;C:\Program Files\IBM\SQLLIB\java\bin;C:\Program Files\IBM\SQLLIB\java\common.jar;
PATH=C:\Program Files\Java\jdk1.6.0_23\jre\bin;C:/Program Files (x86)/Java/jre1.6.0_33/bin/client;C:/Program Files (x86)/Java/jre1.6.0_33/bin;C:/Program Files (x86)/Java/jre1.6.0_33/lib/i386;C:\Apps\Oracle\product\11.2.0\client_1\bin;C:\windows\system32;C:\windows;C:\windows\System32\Wbem;C:\windows\System32\WindowsPowerShell\v1.0\;C:\Program Files\JBHunt\Client Engineering\System Tools;C:\Program Files (x86)\HP\HPCA\Agent;C:\Program Files\JBHunt\Applications\Common;C:\Program Files\JBHunt\Applications\Common\Dll;C:\Program Files\IBM\SQLLIB\BIN;C:\Program Files\IBM\SQLLIB\BIN\FUNCTION;c:\Program Files (x86)\Avaya Modular Messaging\Common;c:\Program Files (x86)\Common Files\Avaya Modular Messaging;C:\Progra~1\apache-maven-2.2.1\bin;C:\Program Files\TortoiseSVN\bin;C:\Program Files\Microsoft SQL Server\Client SDK\ODBC\110\Tools\Binn\;C:\Program Files (x86)\Microsoft SQL Server\120\Tools\Binn\ManagementStudio\;C:\Program Files (x86)\Microsoft SQL Server\120\Tools\Binn\;C:\Program Files\Microsoft SQL Server\120\Tools\Binn\;C:\Program Files (x86)\Microsoft SQL Server\120\DTS\Binn\;C:\Program Files\Microsoft SQL Server\120\DTS\Binn\;C:\Program Files (x86)\Apache\svn-win32-1.8.8\bin;;C:\Program Files (x86)\Eclipse\JEE_3.7.1;
USERNAME=jisazb1
OS=Windows_NT
PROCESSOR_IDENTIFIER=Intel64 Family 6 Model 60 Stepping 3, GenuineIntel



---------------  S Y S T E M  ---------------

OS: Windows 7 Build 7601 Service Pack 1

CPU:total 4 (2 cores per cpu, 2 threads per core) family 6 model 60 stepping 3, cmov, cx8, fxsr, mmx, sse, sse2, sse3, ssse3, sse4.1, sse4.2, popcnt, ht

Memory: 4k page, physical 8305308k(3418560k free), swap 16608760k(12004300k free)

vm_info: Java HotSpot(TM) 64-Bit Server VM (19.0-b09) for windows-amd64 JRE (1.6.0_23-b05), built on Nov 13 2010 02:43:42 by "java_re" with MS VC++ 8.0 (VS2005)

time: Mon Apr 25 11:34:25 2016
elapsed time: 144 seconds

